app/build/outputs/logs/manifest-merger-debug-report.txt
-- Merging decision tree log ---
manifest
ADDED from src\main\AndroidManifest.xml:2:1-141:12
	package
		ADDED from src\main\AndroidManifest.xml:3:5-38
		INJECTED from src\main\AndroidManifest.xml
		INJECTED from src\main\AndroidManifest.xml
	android:versionName
		ADDED from src\main\AndroidManifest.xml:5:5-30
		INJECTED from src\main\AndroidManifest.xml
		INJECTED from src\main\AndroidManifest.xml
	android:versionCode
		ADDED from src\main\AndroidManifest.xml:4:5-28
		INJECTED from src\main\AndroidManifest.xml
		INJECTED from src\main\AndroidManifest.xml
	xmlns:android
		ADDED from src\main\AndroidManifest.xml:2:11-69
uses-sdk
ADDED from src\main\AndroidManifest.xml:7:5-9:41
MERGED from [com.android.support:support-v4:21.0.3] AndroidManifest.xml:15:5-42
	android:targetSdkVersion
		ADDED from src\main\AndroidManifest.xml:9:9-38
		INJECTED from src\main\AndroidManifest.xml
		INJECTED from src\main\AndroidManifest.xml
	android:minSdkVersion
		ADDED from src\main\AndroidManifest.xml:8:9-35
		INJECTED from src\main\AndroidManifest.xml
		INJECTED from src\main\AndroidManifest.xml
uses-permission#android.permission.READ_PHONE_STATE
ADDED from src\main\AndroidManifest.xml:11:5-75
	android:name
		ADDED from src\main\AndroidManifest.xml:11:22-72
uses-permission#android.permission.INTERNET
ADDED from src\main\AndroidManifest.xml:12:5-67
	android:name
		ADDED from src\main\AndroidManifest.xml:12:22-64
uses-permission#android.permission.WRITE_EXTERNAL_STORAGE
ADDED from src\main\AndroidManifest.xml:13:5-81
	android:name
		ADDED from src\main\AndroidManifest.xml:13:22-78
uses-permission#android.permission.ACCESS_NETWORK_STATE
ADDED from src\main\AndroidManifest.xml:14:5-79
	android:name
		ADDED from src\main\AndroidManifest.xml:14:22-76
uses-permission#android.permission.ACCESS_WIFI_STATE
ADDED from src\main\AndroidManifest.xml:15:5-76
	android:name
		ADDED from src\main\AndroidManifest.xml:15:22-73
uses-permission#android.permission.ACCESS_FINE_LOCATION
ADDED from src\main\AndroidManifest.xml:17:5-79
	android:name
		ADDED from src\main\AndroidManifest.xml:17:22-76
uses-permission#android.permission.CHANGE_CONFIGURATION
ADDED from src\main\AndroidManifest.xml:18:5-79
	android:name
		ADDED from src\main\AndroidManifest.xml:18:22-76
uses-permission#android.permission.WRITE_SETTINGS
ADDED from src\main\AndroidManifest.xml:19:5-73
	android:name
		ADDED from src\main\AndroidManifest.xml:19:22-70
uses-permission#android.permission.ACCESS_COARSE_LOCATION
ADDED from src\main\AndroidManifest.xml:20:5-81
	android:name
		ADDED from src\main\AndroidManifest.xml:20:22-78
uses-permission#android.permission.CALL_PHONE
ADDED from src\main\AndroidManifest.xml:21:5-69
	android:name
		ADDED from src\main\AndroidManifest.xml:21:22-66
uses-permission#android.permission.CHANGE_NETWORK_STATE
ADDED from src\main\AndroidManifest.xml:22:5-79
	android:name
		ADDED from src\main\AndroidManifest.xml:22:22-76
uses-permission#android.permission.CHANGE_WIFI_STATE
ADDED from src\main\AndroidManifest.xml:23:5-76
	android:name
		ADDED from src\main\AndroidManifest.xml:23:22-73
uses-permission#android.permission.WAKE_LOCK
ADDED from src\main\AndroidManifest.xml:26:5-68
	android:name
		ADDED from src\main\AndroidManifest.xml:26:22-65
uses-permission#android.permission.MOUNT_UNMOUNT_FILESYSTEMS
ADDED from src\main\AndroidManifest.xml:28:5-84
	android:name
		ADDED from src\main\AndroidManifest.xml:28:22-81
uses-permission#com.android.launcher.permission.INSTALL_SHORTCUT
ADDED from src\main\AndroidManifest.xml:33:5-88
	android:name
		ADDED from src\main\AndroidManifest.xml:33:22-85
uses-permission#com.android.launcher.permission.UNINSTALL_SHORTCUT
ADDED from src\main\AndroidManifest.xml:34:5-90
	android:name
		ADDED from src\main\AndroidManifest.xml:34:22-87
uses-permission#com.android.launcher.permission.READ_SETTINGS
ADDED from src\main\AndroidManifest.xml:35:5-85
	android:name
		ADDED from src\main\AndroidManifest.xml:35:22-82
uses-permission#com.android.launcher3.permission.WRITE_SETTINGS
ADDED from src\main\AndroidManifest.xml:36:5-87
	android:name
		ADDED from src\main\AndroidManifest.xml:36:22-84
uses-permission#com.android.launcher3.permission.READ_SETTINGS
ADDED from src\main\AndroidManifest.xml:37:5-86
	android:name
		ADDED from src\main\AndroidManifest.xml:37:22-83
uses-permission#com.android.launcher2.permission.WRITE_SETTINGS
ADDED from src\main\AndroidManifest.xml:38:5-87
	android:name
		ADDED from src\main\AndroidManifest.xml:38:22-84
uses-permission#com.android.launcher2.permission.READ_SETTINGS
ADDED from src\main\AndroidManifest.xml:39:5-86
	android:name
		ADDED from src\main\AndroidManifest.xml:39:22-83
uses-permission#com.android.launcher.permission.WRITE_SETTINGS
ADDED from src\main\AndroidManifest.xml:40:5-86
	android:name
		ADDED from src\main\AndroidManifest.xml:40:22-83
application
ADDED from src\main\AndroidManifest.xml:43:5-139:19
MERGED from [com.android.support:support-v4:21.0.3] AndroidManifest.xml:16:5-19
	android:label
		ADDED from src\main\AndroidManifest.xml:47:9-41
	android:allowBackup
		ADDED from src\main\AndroidManifest.xml:45:9-35
	android:icon
		ADDED from src\main\AndroidManifest.xml:46:9-40
	android:theme
		ADDED from src\main\AndroidManifest.xml:48:9-40
	android:name
		ADDED from src\main\AndroidManifest.xml:44:9-53
service#com.amap.api.location.APSService
ADDED from src\main\AndroidManifest.xml:49:9-50:19
	android:name
		ADDED from src\main\AndroidManifest.xml:49:18-65
service#com.yd.cfssbusinessdemo.service.MyService
ADDED from src\main\AndroidManifest.xml:51:9-55:19
	android:name
		ADDED from src\main\AndroidManifest.xml:51:18-51
intent-filter#com.yd.cfssbusinessdemo.service
ADDED from src\main\AndroidManifest.xml:52:13-54:29
action#com.yd.cfssbusinessdemo.service
ADDED from src\main\AndroidManifest.xml:53:17-74
	android:name
		ADDED from src\main\AndroidManifest.xml:53:25-71
receiver#com.yd.cfssbusinessdemo.service.MyService$MyBoradcast
ADDED from src\main\AndroidManifest.xml:57:9-61:20
	android:name
		ADDED from src\main\AndroidManifest.xml:57:19-64
intent-filter#com.yd.cfssbusinessdemo.dingweiservice
ADDED from src\main\AndroidManifest.xml:58:13-60:29
action#com.yd.cfssbusinessdemo.dingweiservice
ADDED from src\main\AndroidManifest.xml:59:17-81
	android:name
		ADDED from src\main\AndroidManifest.xml:59:25-78
receiver#com.yd.cfssbusinessdemo.service.MyService$MyCancleBoradcast
ADDED from src\main\AndroidManifest.xml:62:9-66:20
	android:name
		ADDED from src\main\AndroidManifest.xml:62:19-70
intent-filter#com.yd.cfssbusinessdemo.cancledingweiservice
ADDED from src\main\AndroidManifest.xml:63:13-65:29
action#com.yd.cfssbusinessdemo.cancledingweiservice
ADDED from src\main\AndroidManifest.xml:64:17-87
	android:name
		ADDED from src\main\AndroidManifest.xml:64:25-84
meta-data#com.amap.api.v2.apikey
ADDED from src\main\AndroidManifest.xml:69:9-72:21
	android:value
		ADDED from src\main\AndroidManifest.xml:71:13-61
	android:name
		ADDED from src\main\AndroidManifest.xml:70:13-50
activity#com.yd.cfssbusinessdemo.IndexActivity
ADDED from src\main\AndroidManifest.xml:74:9-91:20
	android:screenOrientation
		ADDED from src\main\AndroidManifest.xml:77:13-49
	android:label
		ADDED from src\main\AndroidManifest.xml:76:13-45
	android:windowSoftInputMode
		ADDED from src\main\AndroidManifest.xml:79:13-54
	android:theme
		ADDED from src\main\AndroidManifest.xml:78:13-44
	android:name
		ADDED from src\main\AndroidManifest.xml:75:13-42
intent-filter#android.intent.action.MAIN+android.intent.category.LAUNCHER
ADDED from src\main\AndroidManifest.xml:80:13-84:29
action#android.intent.action.MAIN
ADDED from src\main\AndroidManifest.xml:81:17-69
	android:name
		ADDED from src\main\AndroidManifest.xml:81:25-66
category#android.intent.category.LAUNCHER
ADDED from src\main\AndroidManifest.xml:83:17-77
	android:name
		ADDED from src\main\AndroidManifest.xml:83:27-74
intent-filter#android.intent.action.CREATE_SHORTCUT+android.intent.category.DEFAULT
ADDED from src\main\AndroidManifest.xml:86:13-90:29
action#android.intent.action.CREATE_SHORTCUT
ADDED from src\main\AndroidManifest.xml:87:17-80
	android:name
		ADDED from src\main\AndroidManifest.xml:87:25-77
category#android.intent.category.DEFAULT
ADDED from src\main\AndroidManifest.xml:89:17-76
	android:name
		ADDED from src\main\AndroidManifest.xml:89:27-73
activity#com.yd.cfssbusinessdemo.TaskMessageActivity
ADDED from src\main\AndroidManifest.xml:92:9-97:20
	android:screenOrientation
		ADDED from src\main\AndroidManifest.xml:95:13-49
	android:label
		ADDED from src\main\AndroidManifest.xml:94:13-61
	android:windowSoftInputMode
		ADDED from src\main\AndroidManifest.xml:96:13-54
	android:name
		ADDED from src\main\AndroidManifest.xml:93:13-48
activity#com.yd.cfssbusinessdemo.TaskListActivity
ADDED from src\main\AndroidManifest.xml:98:9-103:20
	android:screenOrientation
		ADDED from src\main\AndroidManifest.xml:101:13-49
	android:label
		ADDED from src\main\AndroidManifest.xml:100:13-64
	android:windowSoftInputMode
		ADDED from src\main\AndroidManifest.xml:102:13-72
	android:name
		ADDED from src\main\AndroidManifest.xml:99:13-45
activity#com.yd.cfssbusinessdemo.AlterPassActivity
ADDED from src\main\AndroidManifest.xml:104:9-108:20
	android:screenOrientation
		ADDED from src\main\AndroidManifest.xml:107:13-49
	android:label
		ADDED from src\main\AndroidManifest.xml:106:13-62
	android:name
		ADDED from src\main\AndroidManifest.xml:105:13-46
activity#com.yd.cfssbusinessdemo.VolumeExecuteActivity
ADDED from src\main\AndroidManifest.xml:109:9-113:20
	android:screenOrientation
		ADDED from src\main\AndroidManifest.xml:112:13-49
	android:label
		ADDED from src\main\AndroidManifest.xml:111:13-66
	android:name
		ADDED from src\main\AndroidManifest.xml:110:13-50
activity#com.yd.cfssbusinessdemo.PerformActivity
ADDED from src\main\AndroidManifest.xml:114:9-118:20
	android:screenOrientation
		ADDED from src\main\AndroidManifest.xml:117:13-49
	android:label
		ADDED from src\main\AndroidManifest.xml:116:13-59
	android:name
		ADDED from src\main\AndroidManifest.xml:115:13-44
activity#com.yd.cfssbusinessdemo.BaseActivity
ADDED from src\main\AndroidManifest.xml:119:9-123:20
	android:screenOrientation
		ADDED from src\main\AndroidManifest.xml:122:13-49
	android:label
		ADDED from src\main\AndroidManifest.xml:121:13-56
	android:name
		ADDED from src\main\AndroidManifest.xml:120:13-41
activity#com.yd.cfssbusinessdemo.LoginActivity
ADDED from src\main\AndroidManifest.xml:124:9-130:20
	android:screenOrientation
		ADDED from src\main\AndroidManifest.xml:127:13-49
	android:label
		ADDED from src\main\AndroidManifest.xml:126:13-45
	android:windowSoftInputMode
		ADDED from src\main\AndroidManifest.xml:129:13-54
	android:theme
		ADDED from src\main\AndroidManifest.xml:128:13-44
	android:name
		ADDED from src\main\AndroidManifest.xml:125:13-42
activity#com.yd.cfssbusinessdemo.MineMarkActivity
ADDED from src\main\AndroidManifest.xml:131:9-134:20
	android:label
		ADDED from src\main\AndroidManifest.xml:133:13-61
	android:name
		ADDED from src\main\AndroidManifest.xml:132:13-45
activity#com.yd.cfssbusinessdemo.ImageActivity
ADDED from src\main\AndroidManifest.xml:135:9-138:20
	android:label
		ADDED from src\main\AndroidManifest.xml:137:13-57
	android:name
		ADDED from src\main\AndroidManifest.xml:136:13-42